Arguments: 
  C:\Program Files (x86)\Nodist\v-x64\8.11.4\node.exe D:\Installations\Scoop_wighawag\apps\yarn\current\Yarn\bin\yarn.js

PATH: 
  D:\PortableApps\cmder\vendor\conemu-maximus5\ConEmu\Scripts;D:\Installations\x64\Python37\Scripts\;D:\Installations\x64\Python37\;C:\Program Files (x86)\Common Files\Oracle\Java\javapath;C:\Program Files\Docker\Docker\Resources\bin;C:\Windows\system32;C:\Windows;C:\Windows\System32\Wbem;C:\Windows\System32\WindowsPowerShell\v1.0\;C:\Windows\System32\OpenSSH\;D:\Installations\chocolatey\bin;D:\PortableApps\bin;C:\Program Files (x86)\Nodist\bin;C:\HaxeToolkit\haxe\;C:\HaxeToolkit\neko;C:\Program Files\dotnet\;D:\Installations\x64\Python27;D:\Installations\x64\Python27\Scripts;D:\PortableApps\tools\go-ipfs;D:\Installations\improbable\spatial;D:\PortableApps\tools\mysql-8.0.13-winx64\bin;D:\Installations\x64\erl10.1\bin;D:\Installations\x86\Elixir\bin;C:\Users\ronan\.mix\escripts;C:\Program Files (x86)\Microsoft Visual Studio 14.0\VC\bin;C:\Program Files (x86)\Windows Kits\10\Windows Performance Toolkit\;D:\PortableApps\mysql-8.0.13\bin;C:\Users\ronan\.windows-build-tools\python27\;C:\Program Files (x86)\Nodist\npmv\4.0.5\bin\node-gyp-bin;C:\Program Files (x86)\Nodist\bin\node_modules\windows-build-tools\node_modules\.bin;C:\Program Files (x86)\Nodist\bin\node_modules\.bin;D:\PortableApps\cmder\vendor\conemu-maximus5\ConEmu\Scripts;C:\Users\ronan\.windows-build-tools\python27\;C:\Program Files (x86)\Nodist\npmv\4.0.5\bin\node-gyp-bin;C:\Program Files (x86)\Nodist\bin\node_modules\windows-build-tools\node_modules\.bin;C:\Program Files (x86)\Nodist\bin\node_modules\.bin;D:\PortableApps\cmder\vendor\conemu-maximus5\ConEmu\Scripts;C:\Users\ronan\.windows-build-tools\python27\;C:\Program Files (x86)\Nodist\npmv\4.0.5\bin\node-gyp-bin;C:\Program Files (x86)\Nodist\bin\node_modules\windows-build-tools\node_modules\.bin;C:\Program Files (x86)\Nodist\bin\node_modules\.bin;D:\PortableApps\cmder\vendor\conemu-maximus5\ConEmu\Scripts;C:\Users\ronan\.windows-build-tools\python27;C:\Users\ronan\AppData\Local\Yarn\Data\global\node_modules\windows-build-tools\node_modules\.bin;C:\Users\ronan\AppData\Local\Yarn\Data\link\node_modules\.bin;C:\Users\ronan\AppData\Local\Yarn\Data\global\node_modules\windows-build-tools\node_modules\.bin;C:\Users\ronan\AppData\Local\Yarn\Data\link\node_modules\.bin;C:\Program Files (x86)\Nodist\v-x64\libexec\lib\node_modules\npm\bin\node-gyp-bin;C:\Program Files (x86)\Nodist\v-x64\lib\node_modules\npm\bin\node-gyp-bin;C:\Program Files (x86)\Nodist\v-x64\10.9.0\node_modules\npm\bin\node-gyp-bin;C:\Program Files (x86)\Nodist\v-x64\10.9.0;D:\PortableApps\cmder\bin;D:\PortableApps\cmder\vendor\conemu-maximus5\ConEmu\Scripts;D:\PortableApps\cmder\vendor\conemu-maximus5;D:\PortableApps\cmder\vendor\conemu-maximus5\ConEmu;C:\Program Files (x86)\Windows Kits\8.1\Windows Performance Toolkit\;C:\Users\ronan\.cargo\bin;D:\Installations\Scoop_wighawag\apps\yarn\current\Yarn\bin;D:\Installations\Scoop_wighawag\apps\yarn\current\bin;D:\Installations\Scoop_wighawag\shims;C:\Users\ronan\scoop\shims;D:\PortableApps\gnvm;D:\PortableApps\gnvm;C:\Users\ronan\AppData\Local\Microsoft\WindowsApps;D:\Installations\babun\.babun;C:\Users\ronan\AppData\Local\hyper\app-2.0.0\resources\bin;D:\PortableApps\tools\docker-machine-driver;C:\Users\ronan\.dotnet\tools;D:\Installations\x64\Microsoft VS Code\bin;D:\Installations\Scoop_wighawag\apps\git\current\cmd;D:\Installations\Scoop_wighawag\apps\git\current\mingw64;D:\Installations\Scoop_wighawag\apps\git\current\usr\bin;D:\PortableApps\cmder

Yarn version: 
  1.9.4

Node version: 
  8.11.4

Platform: 
  win32 x64

Trace: 
  Error: https://registry.yarnpkg.com/rocketh: Not found
      at Request.params.callback [as _callback] (D:\Installations\Scoop_wighawag\apps\yarn\1.9.4\Yarn\lib\cli.js:64202:18)
      at Request.self.callback (D:\Installations\Scoop_wighawag\apps\yarn\1.9.4\Yarn\lib\cli.js:137468:22)
      at emitTwo (events.js:126:13)
      at Request.emit (events.js:214:7)
      at Request.<anonymous> (D:\Installations\Scoop_wighawag\apps\yarn\1.9.4\Yarn\lib\cli.js:138440:10)
      at emitOne (events.js:116:13)
      at Request.emit (events.js:211:7)
      at IncomingMessage.<anonymous> (D:\Installations\Scoop_wighawag\apps\yarn\1.9.4\Yarn\lib\cli.js:138362:12)
      at Object.onceWrapper (events.js:313:30)
      at emitNone (events.js:111:20)

npm manifest: 
  {
      "name": "rocketh-examples-simple-web3",
      "version": "0.1.0",
      "license": "MIT",
      "dependencies": {
          "rocketh": "^0.1.0",
          "ganache-cli": "^6.2.1",
          "mocha": "^5.2.0",
          "solc": "^0.5.0",
          "web3": "^1.0.0-beta.36"
      }
    }

yarn manifest: 
  No manifest

Lockfile: 
  No lockfile
